C51 COMPILER V9.56.0.0   BSP_UART                                                          07/23/2018 04:55:34 PAGE 1   


C51 COMPILER V9.56.0.0, COMPILATION OF MODULE BSP_UART
OBJECT MODULE PLACED IN .\Objects\bsp_uart.obj
COMPILER INVOKED BY: D:\Program Files\Keil_v5\C51\BIN\C51.EXE ..\bsp\scr\bsp_uart.c OPTIMIZE(8,SPEED) BROWSE INCDIR(..\b
                    -sp\inc) DEBUG OBJECTEXTEND PRINT(.\Listings\bsp_uart.lst) TABS(2) OBJECT(.\Objects\bsp_uart.obj)

line level    source

   1          #include "bsp.h"
   2          /**************************************
   3          功能描述：串口初始化(串口1)
   4          入口参数：无
   5          返回值：无
   6          备注：波特率9600bps   晶振11.0592MHz
   7          ***************************************/
   8          void UartInit(void)   
   9          {
  10   1        PCON &= 0x3f;   //波特率不倍速，串行口工作方式由SM0、SM1决定  
  11   1        SCON = 0x50;    //8位数据,可变波特率
  12   1        AUXR |= 0x40;   //定时器1时钟为Fosc,即1T
*** ERROR C202 IN LINE 12 OF ..\bsp\scr\bsp_uart.c: 'AUXR': undefined identifier
  13   1        AUXR &= 0xfe;   //串口1选择定时器1为波特率发生器
*** ERROR C202 IN LINE 13 OF ..\bsp\scr\bsp_uart.c: 'AUXR': undefined identifier
  14   1        TMOD &= 0x0f;   //清除定时器1模式位
  15   1        TMOD |= 0x20;   //设定定时器1为8位自动重装方式
  16   1        TL1 = 0xDC;     //设定定时初值
  17   1        TH1 = 0xDC;     //设定定时器重装值
  18   1        ET1 = 0;        //禁止定时器1中断
  19   1        TR1 = 1;        //启动定时器1
  20   1      }
  21          
  22          /**************************************
  23          功能描述：串口1发送数据
  24          入口参数：uint8 ch
  25          返回值：无
  26          ***************************************/
  27          void U1SendData(uint8 ch)
  28          {
  29   1          SBUF = ch;                  //写数据到UART数据寄存器
  30   1          while(TI == 0);             //在停止位没有发送时，TI为0即一直等待
  31   1          TI = 0;                     //清除TI位（该位必须软件清零）
  32   1      }
  33          
  34          /**************************************
  35          功能描述：串口1发送字符串
  36          入口参数：uint8 *s
  37          返回值：无
  38          ***************************************/
  39          void U1SendString(uint8 *s)
  40          {
  41   1          while (*s)                    //检测字符串结束标志
  42   1          {
  43   2              U1SendData(*s++);         //发送当前字符
  44   2          }
  45   1      }
  46          
  47          
  48          /***************************************************************************
  49           * 描  述 : 串口1中断服务函数
  50           * 入  参 : 无
  51           * 返回值 : 无
  52           **************************************************************************/
C51 COMPILER V9.56.0.0   BSP_UART                                                          07/23/2018 04:55:34 PAGE 2   

  53          void Uart1() interrupt UART1_VECTOR using 1
*** ERROR C141 IN LINE 53 OF ..\bsp\scr\bsp_uart.c: syntax error near 'UART1_VECTOR', expected 'const'
*** ERROR C132 IN LINE 53 OF ..\bsp\scr\bsp_uart.c: 'UART1_VECTOR': not in formal parameter list
*** ERROR C141 IN LINE 53 OF ..\bsp\scr\bsp_uart.c: syntax error near 'using'
  54          {
  55            ES = 0;                       // 串口1中断关闭
*** ERROR C244 IN LINE 55 OF ..\bsp\scr\bsp_uart.c: 'ES': can't initialize, bad type or class
*** ERROR C132 IN LINE 55 OF ..\bsp\scr\bsp_uart.c: 'ES': not in formal parameter list
  56            if (RI)                       //串行接收到停止位的中间时刻时，该位置1
*** ERROR C141 IN LINE 56 OF ..\bsp\scr\bsp_uart.c: syntax error near 'if'
  57            {
*** ERROR C129 IN LINE 57 OF ..\bsp\scr\bsp_uart.c: missing ';' before '{'
  58                RI = 0;                   //清除RI位 （该位必须软件清零）         
  59             }
  60             if (TI)                    //在停止位开始发送时，该位置1
  61             {
  62                TI = 0;                 //清除TI位（该位必须软件清零）
  63             }
  64             ES =  1;                   // 串口1中断打开
  65          }
  66          

C51 COMPILATION COMPLETE.  0 WARNING(S),  9 ERROR(S)
