C51 COMPILER V9.56.0.0   BSP_DELAY                                                         07/23/2018 13:50:01 PAGE 1   


C51 COMPILER V9.56.0.0, COMPILATION OF MODULE BSP_DELAY
OBJECT MODULE PLACED IN .\Objects\bsp_delay.obj
COMPILER INVOKED BY: D:\Program Files\Keil_v5\C51\BIN\C51.EXE ..\bsp\scr\bsp_delay.c OPTIMIZE(8,SPEED) BROWSE INCDIR(..\
                    -bsp\inc) DEBUG OBJECTEXTEND PRINT(.\Listings\bsp_delay.lst) TABS(2) OBJECT(.\Objects\bsp_delay.obj)

line level    source

   1          
   2          #include "bsp.h"
   3          //========================================================================
   4          // 函数: void  delay_ms(unsigned char ms)
   5          // 描述: 延时函数。
   6          // 参数: ms,要延时的ms数, 这里只支持1~255ms. 自动适应主时钟.
   7          // 返回: none.
   8          // 版本: VER1.0
   9          // 日期: 2013-4-1
  10          // 备注: 
  11          //========================================================================
  12          void  delay_ms(unsigned int ms)
  13          {
  14   1           unsigned int i;
  15   1           do
  16   1           {
  17   2              i = MAIN_Fosc / 13000;
  18   2              while(--i)  ;   //14T per loop
  19   2           }
  20   1           while(--ms);
  21   1      }
  22          
  23          void Delay5us(void)
  24          {
  25   1        _nop_();_nop_();_nop_();_nop_();
  26   1        _nop_();_nop_();_nop_();_nop_();
  27   1        _nop_();_nop_();_nop_();_nop_();
  28   1        _nop_();_nop_();_nop_();_nop_();
  29   1        _nop_();_nop_();_nop_();_nop_();
  30   1        _nop_();_nop_();_nop_();_nop_();
  31   1      }
  32          
  33          


MODULE INFORMATION:   STATIC OVERLAYABLE
   CODE SIZE        =     48    ----
   CONSTANT SIZE    =   ----    ----
   XDATA SIZE       =   ----    ----
   PDATA SIZE       =   ----    ----
   DATA SIZE        =   ----    ----
   IDATA SIZE       =   ----    ----
   BIT SIZE         =   ----    ----
END OF MODULE INFORMATION.


C51 COMPILATION COMPLETE.  0 WARNING(S),  0 ERROR(S)
